2025-05-23 01:28:52,484 - INFO - \U0001f680 Starting Broadway Ticketmaster Scraper...
2025-05-23 01:29:13,559 - INFO - \u274c Failed to send email: [WinError 10060] A connection attempt failed because the connected party did not properly respond after a period of time, or established connection failed because connected host has failed to respond
2025-05-23 01:29:14,191 - INFO - \u2705 Slack message sent.
2025-05-23 01:29:18,451 - INFO - patching driver executable C:\Users\jimoh\appdata\roaming\undetected_chromedriver\undetected_chromedriver.exe
2025-05-23 01:52:12,550 - INFO - \u2705 263 new events scraped and added to MongoDB.
2025-05-23 01:52:33,612 - INFO - \u274c Failed to send email: [WinError 10060] A connection attempt failed because the connected party did not properly respond after a period of time, or established connection failed because connected host has failed to respond
2025-05-23 01:52:35,003 - INFO - \u2705 Slack message sent.
2025-05-23 01:52:35,065 - INFO - \U0001f4c1 Data saved to data/events_20250523_015235.json and data/events_20250523_015235.csv
2025-05-23 01:52:35,066 - INFO - \u2705 Scraping finished.

2025-05-23 02:16:50,597 - INFO - Starting scraper scheduler (every 5 hours)...
2025-05-23 02:16:50,598 - INFO - \U0001f680 Starting Broadway Ticketmaster Scraper...
2025-05-23 02:16:50,599 - INFO - [*] Connecting to SMTP server smtp.gmail.com:587 ...
2025-05-23 02:17:11,663 - INFO - \u274c Failed to send email: [WinError 10060] A connection attempt failed because the connected party did not properly respond after a period of time, or established connection failed because connected host has failed to respond
2025-05-23 02:17:11,663 - INFO - [*] Sending Slack message...
2025-05-23 02:17:12,288 - INFO - \u2705 Slack message sent.
2025-05-23 02:17:12,289 - INFO - [*] Launching undetected Chrome...
2025-05-23 02:17:16,725 - INFO - patching driver executable C:\Users\jimoh\appdata\roaming\undetected_chromedriver\undetected_chromedriver.exe
2025-05-23 02:17:34,494 - INFO - [*] Found 29 show cards on the main page.
2025-05-23 02:17:36,964 - INFO - [\u2713] Connected to MongoDB successfully.
2025-05-23 02:17:36,964 - INFO - [\u2717] Unhandled exception in scraping job: Collection objects do not implement truth value testing or bool(). Please compare with None instead: collection is not None
2025-05-23 02:17:36,965 - INFO - [*] Connecting to SMTP server smtp.gmail.com:587 ...
2025-05-23 02:17:58,000 - INFO - \u274c Failed to send email: [WinError 10060] A connection attempt failed because the connected party did not properly respond after a period of time, or established connection failed because connected host has failed to respond
2025-05-23 02:17:58,001 - INFO - [*] Sending Slack message...
2025-05-23 02:17:58,563 - INFO - \u2705 Slack message sent.
2025-05-23 02:23:02,896 - INFO - Starting scraper scheduler (every 5 hours)...
2025-05-23 02:23:02,897 - INFO - \U0001f680 Starting Broadway Ticketmaster Scraper...
2025-05-23 02:23:02,898 - INFO - [*] Connecting to SMTP server smtp.gmail.com:587 ...
2025-05-23 02:23:23,963 - INFO - \u274c Failed to send email: [WinError 10060] A connection attempt failed because the connected party did not properly respond after a period of time, or established connection failed because connected host has failed to respond
2025-05-23 02:23:23,964 - INFO - [*] Sending Slack message...
2025-05-23 02:23:24,598 - INFO - \u2705 Slack message sent.
2025-05-23 02:23:24,599 - INFO - [*] Launching undetected Chrome...
2025-05-23 02:23:27,595 - INFO - patching driver executable C:\Users\jimoh\appdata\roaming\undetected_chromedriver\undetected_chromedriver.exe
2025-05-23 02:23:40,424 - INFO - [*] Found 29 show cards on the main page.
2025-05-23 02:23:44,923 - INFO - [\u2713] Connected to MongoDB successfully.
2025-05-23 02:23:44,924 - INFO - [\u2717] Unhandled exception in scraping job: Collection objects do not implement truth value testing or bool(). Please compare with None instead: collection is not None
2025-05-23 02:23:44,924 - INFO - [*] Connecting to SMTP server smtp.gmail.com:587 ...
2025-05-23 02:24:05,962 - INFO - \u274c Failed to send email: [WinError 10060] A connection attempt failed because the connected party did not properly respond after a period of time, or established connection failed because connected host has failed to respond
2025-05-23 02:24:05,963 - INFO - [*] Sending Slack message...
2025-05-23 02:24:06,539 - INFO - \u2705 Slack message sent.
2025-05-23 06:35:25,423 - INFO - Starting scraper scheduler (every 5 hours)...
2025-05-23 06:35:25,424 - INFO - \U0001f680 Starting Broadway Ticketmaster Scraper...
2025-05-23 06:35:25,424 - INFO - [*] Connecting to SMTP server smtp.gmail.com:587 ...
2025-05-23 06:35:25,918 - INFO - \u274c Failed to send email: (421, b'Service not available')
2025-05-23 06:35:25,919 - INFO - [*] Launching undetected Chrome...
2025-05-23 06:35:29,150 - INFO - patching driver executable C:\Users\jimoh\appdata\roaming\undetected_chromedriver\undetected_chromedriver.exe
2025-05-23 06:35:44,969 - INFO - [*] Found 29 show cards on the main page.
2025-05-23 06:35:49,518 - INFO - [\u2713] Connected to MongoDB successfully.
2025-05-23 06:35:49,520 - INFO - [\u2717] Unhandled exception in scraping job: Collection objects do not implement truth value testing or bool(). Please compare with None instead: collection is not None
2025-05-23 06:35:49,523 - INFO - [*] Connecting to SMTP server smtp.gmail.com:587 ...
2025-05-23 06:35:49,590 - INFO - \u274c Failed to send email: (421, b'Service not available')
2025-05-23 06:41:50,015 - INFO - \U0001f680 Starting Broadway Ticketmaster Scraper...
2025-05-23 06:41:50,209 - INFO - \u274c Failed to send email: (421, b'Service not available')
2025-05-23 06:41:54,611 - INFO - patching driver executable C:\Users\jimoh\appdata\roaming\undetected_chromedriver\undetected_chromedriver.exe
2025-05-23 09:09:06,269 - INFO - \U0001f552 Scheduler started. Scraper will run every 6 hours.
2025-05-23 09:15:57,255 - INFO - \U0001f680 Starting Broadway Ticketmaster Scraper...
2025-05-23 09:15:59,594 - INFO - \u2705 Email notification sent.
2025-05-23 09:16:01,668 - INFO - patching driver executable C:\Users\jimoh\appdata\roaming\undetected_chromedriver\undetected_chromedriver.exe
2025-05-23 09:27:22,125 - INFO - \u2139\ufe0f No new events found.
2025-05-23 09:27:22,256 - INFO - \U0001f4c1 Data saved to data/events_20250523_092722.json and data/events_20250523_092722.csv
2025-05-23 09:27:22,257 - INFO - \u2705 Scraping finished.

2025-05-23 10:38:55,284 - INFO - \U0001f680 Starting Broadway Ticketmaster Scraper...
2025-05-23 10:38:57,864 - INFO - \u2705 Email notification sent.
2025-05-23 10:38:58,703 - INFO - \u2705 Slack message sent.
2025-05-23 10:39:00,678 - INFO - patching driver executable C:\Users\jimoh\appdata\roaming\undetected_chromedriver\undetected_chromedriver.exe
2025-05-23 10:58:23,229 - INFO - \u2705 262 new events scraped and added to MongoDB.
2025-05-23 10:58:25,651 - INFO - \u2705 Email notification sent.
2025-05-23 10:58:26,498 - INFO - \u2705 Slack message sent.
2025-05-23 10:58:26,738 - INFO - \U0001f4c1 Data saved to data/events_20250523_105826.json and data/events_20250523_105826.csv
2025-05-23 10:58:26,738 - INFO - \u2705 Scraping finished.

